Using pre-set license
Built from '2021.3/staging' branch; Version is '2021.3.11f1 (0a5ca18544bf) revision 679073'; Using compiler version '192829333'; Build Type 'Release'
OS: 'Windows 11  (10.0.22000) 64bit CoreSingleLanguage' Language: 'es' Physical Memory: 8042 MB
BatchMode: 1, IsHumanControllingUs: 0, StartBugReporterOnCrash: 0, Is64bit: 1, IsPro: 1

COMMAND LINE ARGUMENTS:
C:\Program Files\Unity\Hub\Editor\2021.3.11f1\Editor\Unity.exe
-adb2
-batchMode
-noUpm
-name
AssetImportWorker0
-projectPath
C:/Users/yoaks/Documents/GitHub/PlataformGame/Videojuego3D
-logFile
Logs/AssetImportWorker0.log
-srvPort
49891
Successfully changed project path to: C:/Users/yoaks/Documents/GitHub/PlataformGame/Videojuego3D
C:/Users/yoaks/Documents/GitHub/PlataformGame/Videojuego3D
[UnityMemory] Configuration Parameters - Can be set up in boot.config
    "memorysetup-bucket-allocator-granularity=16"
    "memorysetup-bucket-allocator-bucket-count=8"
    "memorysetup-bucket-allocator-block-size=33554432"
    "memorysetup-bucket-allocator-block-count=8"
    "memorysetup-main-allocator-block-size=16777216"
    "memorysetup-thread-allocator-block-size=16777216"
    "memorysetup-gfx-main-allocator-block-size=16777216"
    "memorysetup-gfx-thread-allocator-block-size=16777216"
    "memorysetup-cache-allocator-block-size=4194304"
    "memorysetup-typetree-allocator-block-size=2097152"
    "memorysetup-profiler-bucket-allocator-granularity=16"
    "memorysetup-profiler-bucket-allocator-bucket-count=8"
    "memorysetup-profiler-bucket-allocator-block-size=33554432"
    "memorysetup-profiler-bucket-allocator-block-count=8"
    "memorysetup-profiler-allocator-block-size=16777216"
    "memorysetup-profiler-editor-allocator-block-size=1048576"
    "memorysetup-temp-allocator-size-main=16777216"
    "memorysetup-job-temp-allocator-block-size=2097152"
    "memorysetup-job-temp-allocator-block-size-background=1048576"
    "memorysetup-job-temp-allocator-reduction-small-platforms=262144"
    "memorysetup-temp-allocator-size-background-worker=32768"
    "memorysetup-temp-allocator-size-job-worker=262144"
    "memorysetup-temp-allocator-size-preload-manager=33554432"
    "memorysetup-temp-allocator-size-nav-mesh-worker=65536"
    "memorysetup-temp-allocator-size-audio-worker=65536"
    "memorysetup-temp-allocator-size-cloud-worker=32768"
    "memorysetup-temp-allocator-size-gi-baking-worker=262144"
    "memorysetup-temp-allocator-size-gfx=262144"
Refreshing native plugins compatible for Editor in 194.81 ms, found 3 plugins.
Preloading 0 native plugins for Editor in 0.00 ms.
Initialize engine version: 2021.3.11f1 (0a5ca18544bf)
[Subsystems] Discovering subsystems at path C:/Program Files/Unity/Hub/Editor/2021.3.11f1/Editor/Data/Resources/UnitySubsystems
[Subsystems] Discovering subsystems at path C:/Users/yoaks/Documents/GitHub/PlataformGame/Videojuego3D/Assets
GfxDevice: creating device client; threaded=0; jobified=0
Direct3D:
    Version:  Direct3D 11.0 [level 11.1]
    Renderer: NVIDIA GeForce GTX 1650 (ID=0x1f91)
    Vendor:   NVIDIA
    VRAM:     3962 MB
    Driver:   30.0.15.1278
Initialize mono
Mono path[0] = 'C:/Program Files/Unity/Hub/Editor/2021.3.11f1/Editor/Data/Managed'
Mono path[1] = 'C:/Program Files/Unity/Hub/Editor/2021.3.11f1/Editor/Data/MonoBleedingEdge/lib/mono/unityjit-win32'
Mono config path = 'C:/Program Files/Unity/Hub/Editor/2021.3.11f1/Editor/Data/MonoBleedingEdge/etc'
Using monoOptions --debugger-agent=transport=dt_socket,embedding=1,server=y,suspend=n,address=127.0.0.1:56760
Begin MonoManager ReloadAssembly
Registering precompiled unity dll's ...
Register platform support module: C:/Program Files/Unity/Hub/Editor/2021.3.11f1/Editor/Data/PlaybackEngines/WindowsStandaloneSupport/UnityEditor.WindowsStandalone.Extensions.dll
Registered in 0.085531 seconds.
Native extension for WindowsStandalone target not found
Refreshing native plugins compatible for Editor in 75.68 ms, found 3 plugins.
Preloading 0 native plugins for Editor in 0.00 ms.
Mono: successfully reloaded assembly
- Completed reload, in  4.424 seconds
Domain Reload Profiling:
	ReloadAssembly (4425ms)
		BeginReloadAssembly (3197ms)
			ExecutionOrderSort (0ms)
			DisableScriptedObjects (0ms)
			BackupInstance (0ms)
			ReleaseScriptingObjects (0ms)
			CreateAndSetChildDomain (1ms)
		EndReloadAssembly (806ms)
			LoadAssemblies (3197ms)
			RebuildTransferFunctionScriptingTraits (0ms)
			SetupTypeCache (464ms)
			ReleaseScriptCaches (0ms)
			RebuildScriptCaches (28ms)
			SetupLoadedEditorAssemblies (264ms)
				LogAssemblyErrors (0ms)
				InitializePlatformSupportModulesInManaged (6ms)
				SetLoadedEditorAssemblies (0ms)
				RefreshPlugins (76ms)
				BeforeProcessingInitializeOnLoad (1ms)
				ProcessInitializeOnLoadAttributes (132ms)
				ProcessInitializeOnLoadMethodAttributes (48ms)
				AfterProcessingInitializeOnLoad (0ms)
				EditorAssembliesLoaded (0ms)
			ExecutionOrderSort2 (0ms)
			AwakeInstancesAfterBackupRestoration (0ms)
Platform modules already initialized, skipping
Registering precompiled user dll's ...
Registered in 1.073341 seconds.
Begin MonoManager ReloadAssembly
Native extension for WindowsStandalone target not found
Refreshing native plugins compatible for Editor in 0.56 ms, found 3 plugins.
Preloading 0 native plugins for Editor in 0.00 ms.
Mono: successfully reloaded assembly
- Completed reload, in  5.114 seconds
Domain Reload Profiling:
	ReloadAssembly (5116ms)
		BeginReloadAssembly (117ms)
			ExecutionOrderSort (0ms)
			DisableScriptedObjects (6ms)
			BackupInstance (0ms)
			ReleaseScriptingObjects (0ms)
			CreateAndSetChildDomain (19ms)
		EndReloadAssembly (4805ms)
			LoadAssemblies (2602ms)
			RebuildTransferFunctionScriptingTraits (0ms)
			SetupTypeCache (709ms)
			ReleaseScriptCaches (1ms)
			RebuildScriptCaches (51ms)
			SetupLoadedEditorAssemblies (1416ms)
				LogAssemblyErrors (0ms)
				InitializePlatformSupportModulesInManaged (4ms)
				SetLoadedEditorAssemblies (1ms)
				RefreshPlugins (1ms)
				BeforeProcessingInitializeOnLoad (91ms)
				ProcessInitializeOnLoadAttributes (328ms)
				ProcessInitializeOnLoadMethodAttributes (985ms)
				AfterProcessingInitializeOnLoad (6ms)
				EditorAssembliesLoaded (0ms)
			ExecutionOrderSort2 (0ms)
			AwakeInstancesAfterBackupRestoration (6ms)
Platform modules already initialized, skipping
========================================================================
Worker process is ready to serve import requests
Launched and connected shader compiler UnityShaderCompiler.exe after 0.08 seconds
Refreshing native plugins compatible for Editor in 1.34 ms, found 3 plugins.
Preloading 0 native plugins for Editor in 0.00 ms.
Unloading 3474 Unused Serialized files (Serialized files now loaded: 0)
Unloading 25 unused Assets / (56.2 KB). Loaded Objects now: 3934.
Memory consumption went from 123.3 MB to 123.2 MB.
Total: 3.564700 ms (FindLiveObjects: 0.345000 ms CreateObjectMapping: 0.264100 ms MarkObjects: 2.845500 ms  DeleteObjects: 0.109000 ms)

AssetImportParameters requested are different than current active one (requested -> active):
  custom:video-decoder-ogg-theora: a1e56fd34408186e4bbccfd4996cb3dc -> 
  custom:container-muxer-webm: aa71ff27fc2769a1b78a27578f13a17b -> 
  custom:container-demuxer-webm: 4f35f7cbe854078d1ac9338744f61a02 -> 
  custom:video-encoder-webm-vp8: eb34c28f22e8b96e1ab97ce403110664 -> 
  custom:video-codec-MediaFoundation-h265: 746d11721c4dcdbdad8f713fa42b33f4 -> 
  custom:audio-encoder-webm-vorbis: bf7c407c2cedff20999df2af8eb42d56 -> 
  custom:framework-win-MediaFoundation: 216162199b28c13a410421893ffa2e32 -> 
  custom:container-demuxer-ogg: 62fdf1f143b41e24485cea50d1cbac27 -> 
  custom:video-decoder-webm-vp8: 9c59270c3fd7afecdb556c50c9e8de78 -> 
  custom:audio-decoder-ogg-vorbis: bf7c407c2cedff20999df2af8eb42d56 -> 
========================================================================
Received Import Request.
  Time since last request: 728.853458 seconds.
  path: Assets/Resource/Title.png
  artifactKey: Guid(73203e22d8d67634aaf86e2d2e862ff1) Importer(815301076,1909f56bfc062723c751e8b465ee728b)
Start importing Assets/Resource/Title.png using Guid(73203e22d8d67634aaf86e2d2e862ff1) Importer(815301076,1909f56bfc062723c751e8b465ee728b)  -> (artifact id: 'd068baa295a48da0095a02786d770615') in 0.192640 seconds 
========================================================================
Received Import Request.
  Time since last request: 0.000017 seconds.
  path: Assets/Resource/Marco_Dulces.png
  artifactKey: Guid(6b0704555409e9141b219c1cfcd72e1b) Importer(815301076,1909f56bfc062723c751e8b465ee728b)
Start importing Assets/Resource/Marco_Dulces.png using Guid(6b0704555409e9141b219c1cfcd72e1b) Importer(815301076,1909f56bfc062723c751e8b465ee728b)  -> (artifact id: 'f8401a7dc531dd6434cd5023fbc58e23') in 0.067814 seconds 
========================================================================
Received Prepare
Registering precompiled user dll's ...
Registered in 0.007725 seconds.
Begin MonoManager ReloadAssembly
Native extension for WindowsStandalone target not found
Refreshing native plugins compatible for Editor in 1.74 ms, found 3 plugins.
Preloading 0 native plugins for Editor in 0.00 ms.
Mono: successfully reloaded assembly
- Completed reload, in  1.608 seconds
Domain Reload Profiling:
	ReloadAssembly (1610ms)
		BeginReloadAssembly (149ms)
			ExecutionOrderSort (0ms)
			DisableScriptedObjects (6ms)
			BackupInstance (0ms)
			ReleaseScriptingObjects (0ms)
			CreateAndSetChildDomain (41ms)
		EndReloadAssembly (1348ms)
			LoadAssemblies (86ms)
			RebuildTransferFunctionScriptingTraits (0ms)
			SetupTypeCache (464ms)
			ReleaseScriptCaches (2ms)
			RebuildScriptCaches (72ms)
			SetupLoadedEditorAssemblies (613ms)
				LogAssemblyErrors (0ms)
				InitializePlatformSupportModulesInManaged (21ms)
				SetLoadedEditorAssemblies (1ms)
				RefreshPlugins (2ms)
				BeforeProcessingInitializeOnLoad (112ms)
				ProcessInitializeOnLoadAttributes (408ms)
				ProcessInitializeOnLoadMethodAttributes (58ms)
				AfterProcessingInitializeOnLoad (11ms)
				EditorAssembliesLoaded (0ms)
			ExecutionOrderSort2 (0ms)
			AwakeInstancesAfterBackupRestoration (15ms)
Platform modules already initialized, skipping
Refreshing native plugins compatible for Editor in 3.25 ms, found 3 plugins.
Preloading 0 native plugins for Editor in 0.00 ms.
Unloading 3454 Unused Serialized files (Serialized files now loaded: 0)
Unloading 18 unused Assets / (24.6 KB). Loaded Objects now: 3961.
Memory consumption went from 126.0 MB to 126.0 MB.
Total: 5.632200 ms (FindLiveObjects: 0.341600 ms CreateObjectMapping: 0.260000 ms MarkObjects: 4.988500 ms  DeleteObjects: 0.040700 ms)

AssetImportParameters requested are different than current active one (requested -> active):
  custom:video-decoder-ogg-theora: a1e56fd34408186e4bbccfd4996cb3dc -> 
  custom:container-muxer-webm: aa71ff27fc2769a1b78a27578f13a17b -> 
  custom:container-demuxer-webm: 4f35f7cbe854078d1ac9338744f61a02 -> 
  custom:video-encoder-webm-vp8: eb34c28f22e8b96e1ab97ce403110664 -> 
  custom:video-codec-MediaFoundation-h265: 746d11721c4dcdbdad8f713fa42b33f4 -> 
  custom:audio-encoder-webm-vorbis: bf7c407c2cedff20999df2af8eb42d56 -> 
  custom:framework-win-MediaFoundation: 216162199b28c13a410421893ffa2e32 -> 
  custom:container-demuxer-ogg: 62fdf1f143b41e24485cea50d1cbac27 -> 
  custom:video-decoder-webm-vp8: 9c59270c3fd7afecdb556c50c9e8de78 -> 
  custom:audio-decoder-ogg-vorbis: bf7c407c2cedff20999df2af8eb42d56 -> 
========================================================================
Received Prepare
Registering precompiled user dll's ...
Registered in 0.006317 seconds.
Begin MonoManager ReloadAssembly
Native extension for WindowsStandalone target not found
Refreshing native plugins compatible for Editor in 1.07 ms, found 3 plugins.
Preloading 0 native plugins for Editor in 0.00 ms.
Mono: successfully reloaded assembly
- Completed reload, in  1.492 seconds
Domain Reload Profiling:
	ReloadAssembly (1493ms)
		BeginReloadAssembly (132ms)
			ExecutionOrderSort (0ms)
			DisableScriptedObjects (6ms)
			BackupInstance (0ms)
			ReleaseScriptingObjects (0ms)
			CreateAndSetChildDomain (37ms)
		EndReloadAssembly (1252ms)
			LoadAssemblies (80ms)
			RebuildTransferFunctionScriptingTraits (0ms)
			SetupTypeCache (375ms)
			ReleaseScriptCaches (2ms)
			RebuildScriptCaches (82ms)
			SetupLoadedEditorAssemblies (596ms)
				LogAssemblyErrors (0ms)
				InitializePlatformSupportModulesInManaged (21ms)
				SetLoadedEditorAssemblies (2ms)
				RefreshPlugins (1ms)
				BeforeProcessingInitializeOnLoad (113ms)
				ProcessInitializeOnLoadAttributes (396ms)
				ProcessInitializeOnLoadMethodAttributes (50ms)
				AfterProcessingInitializeOnLoad (12ms)
				EditorAssembliesLoaded (1ms)
			ExecutionOrderSort2 (0ms)
			AwakeInstancesAfterBackupRestoration (13ms)
Platform modules already initialized, skipping
Refreshing native plugins compatible for Editor in 3.10 ms, found 3 plugins.
Preloading 0 native plugins for Editor in 0.00 ms.
Unloading 3454 Unused Serialized files (Serialized files now loaded: 0)
Unloading 18 unused Assets / (24.6 KB). Loaded Objects now: 3964.
Memory consumption went from 126.0 MB to 126.0 MB.
Total: 4.637800 ms (FindLiveObjects: 0.437900 ms CreateObjectMapping: 0.384000 ms MarkObjects: 3.724500 ms  DeleteObjects: 0.089600 ms)

AssetImportParameters requested are different than current active one (requested -> active):
  custom:video-decoder-ogg-theora: a1e56fd34408186e4bbccfd4996cb3dc -> 
  custom:container-muxer-webm: aa71ff27fc2769a1b78a27578f13a17b -> 
  custom:container-demuxer-webm: 4f35f7cbe854078d1ac9338744f61a02 -> 
  custom:video-encoder-webm-vp8: eb34c28f22e8b96e1ab97ce403110664 -> 
  custom:video-codec-MediaFoundation-h265: 746d11721c4dcdbdad8f713fa42b33f4 -> 
  custom:audio-encoder-webm-vorbis: bf7c407c2cedff20999df2af8eb42d56 -> 
  custom:framework-win-MediaFoundation: 216162199b28c13a410421893ffa2e32 -> 
  custom:container-demuxer-ogg: 62fdf1f143b41e24485cea50d1cbac27 -> 
  custom:video-decoder-webm-vp8: 9c59270c3fd7afecdb556c50c9e8de78 -> 
  custom:audio-decoder-ogg-vorbis: bf7c407c2cedff20999df2af8eb42d56 -> 
========================================================================
Received Import Request.
  Time since last request: 299.707629 seconds.
  path: Assets/Prefabs
  artifactKey: Guid(b2e42dbda52300747825b4247dbe086e) Importer(815301076,1909f56bfc062723c751e8b465ee728b)
Start importing Assets/Prefabs using Guid(b2e42dbda52300747825b4247dbe086e) Importer(815301076,1909f56bfc062723c751e8b465ee728b)  -> (artifact id: 'f7396aa572d13da4ef5205e6be613ddd') in 0.013386 seconds 
========================================================================
Received Import Request.
  Time since last request: 0.032484 seconds.
  path: Assets/Prefabs/Obstaculo.prefab
  artifactKey: Guid(2d669c45960637444a064f076951bd3f) Importer(815301076,1909f56bfc062723c751e8b465ee728b)
Start importing Assets/Prefabs/Obstaculo.prefab using Guid(2d669c45960637444a064f076951bd3f) Importer(815301076,1909f56bfc062723c751e8b465ee728b)  -> (artifact id: 'f6bb67846b44271bc9e1be6b99d77b11') in 0.343561 seconds 
========================================================================
Received Import Request.
  Time since last request: 6.526774 seconds.
  path: Assets/Resource
  artifactKey: Guid(a923fddfef7617b4f9b1a08be02f9496) Importer(815301076,1909f56bfc062723c751e8b465ee728b)
Start importing Assets/Resource using Guid(a923fddfef7617b4f9b1a08be02f9496) Importer(815301076,1909f56bfc062723c751e8b465ee728b)  -> (artifact id: '409706fda91e98dea6278ba0097b9971') in 0.009545 seconds 
========================================================================
Received Import Request.
  Time since last request: 0.041316 seconds.
  path: Assets/Resource/Marcos_Galleta.jpg
  artifactKey: Guid(3567d8fc61720d74e83ac3bce591dd4a) Importer(815301076,1909f56bfc062723c751e8b465ee728b)
Start importing Assets/Resource/Marcos_Galleta.jpg using Guid(3567d8fc61720d74e83ac3bce591dd4a) Importer(815301076,1909f56bfc062723c751e8b465ee728b)  -> (artifact id: 'e6d953da02100b6a6dd4b903928483b7') in 0.037609 seconds 
========================================================================
Received Import Request.
  Time since last request: 64.458399 seconds.
  path: Assets/Resource/CassandraPersonalUseRegular-3BjG.ttf
  artifactKey: Guid(81ae9e0fd95d73d44b5a297af59fa5a1) Importer(815301076,1909f56bfc062723c751e8b465ee728b)
Start importing Assets/Resource/CassandraPersonalUseRegular-3BjG.ttf using Guid(81ae9e0fd95d73d44b5a297af59fa5a1) Importer(815301076,1909f56bfc062723c751e8b465ee728b)  -> (artifact id: 'a636dfee9a2b8cce601cb6cc2517d718') in 0.061143 seconds 
========================================================================
Received Import Request.
  Time since last request: 86.310355 seconds.
  path: Assets/TextMesh Pro/Examples & Extras/Fonts/Anton.ttf
  artifactKey: Guid(997a43b767814dd0a7642ec9b78cba41) Importer(815301076,1909f56bfc062723c751e8b465ee728b)
Start importing Assets/TextMesh Pro/Examples & Extras/Fonts/Anton.ttf using Guid(997a43b767814dd0a7642ec9b78cba41) Importer(815301076,1909f56bfc062723c751e8b465ee728b)  -> (artifact id: 'd715a65cec22557af36e509655f99a14') in 0.035453 seconds 
========================================================================
Received Import Request.
  Time since last request: 0.000140 seconds.
  path: Assets/TextMesh Pro/Examples & Extras/Fonts/Oswald-Bold.ttf
  artifactKey: Guid(c9f6d0e7bc8541498c9a4799ba184ede) Importer(815301076,1909f56bfc062723c751e8b465ee728b)
Start importing Assets/TextMesh Pro/Examples & Extras/Fonts/Oswald-Bold.ttf using Guid(c9f6d0e7bc8541498c9a4799ba184ede) Importer(815301076,1909f56bfc062723c751e8b465ee728b)  -> (artifact id: '39c3c00bde79784904db8b54dfdfab1d') in 0.033104 seconds 
========================================================================
Received Import Request.
  Time since last request: 0.000025 seconds.
  path: Assets/TextMesh Pro/Examples & Extras/Fonts/Roboto-Bold.ttf
  artifactKey: Guid(4beb055f07aaff244873dec698d0363e) Importer(815301076,1909f56bfc062723c751e8b465ee728b)
Start importing Assets/TextMesh Pro/Examples & Extras/Fonts/Roboto-Bold.ttf using Guid(4beb055f07aaff244873dec698d0363e) Importer(815301076,1909f56bfc062723c751e8b465ee728b)  -> (artifact id: '556b69e757dbe8e2339a7e8575587732') in 0.031122 seconds 
========================================================================
Received Import Request.
  Time since last request: 0.000084 seconds.
  path: Assets/TextMesh Pro/Examples & Extras/Fonts/Electronic Highway Sign.TTF
  artifactKey: Guid(8a2b9e2a607dd2143b58c44bc32410b4) Importer(815301076,1909f56bfc062723c751e8b465ee728b)
Start importing Assets/TextMesh Pro/Examples & Extras/Fonts/Electronic Highway Sign.TTF using Guid(8a2b9e2a607dd2143b58c44bc32410b4) Importer(815301076,1909f56bfc062723c751e8b465ee728b)  -> (artifact id: '49bd709abaca415c72f16bab2f7c8abb') in 0.036028 seconds 
========================================================================
Received Import Request.
  Time since last request: 0.000058 seconds.
  path: Assets/TextMesh Pro/Fonts/LiberationSans.ttf
  artifactKey: Guid(e3265ab4bf004d28a9537516768c1c75) Importer(815301076,1909f56bfc062723c751e8b465ee728b)
Start importing Assets/TextMesh Pro/Fonts/LiberationSans.ttf using Guid(e3265ab4bf004d28a9537516768c1c75) Importer(815301076,1909f56bfc062723c751e8b465ee728b)  -> (artifact id: '86e85d55384b22641579099d0f1ce7e8') in 0.030849 seconds 
========================================================================
Received Import Request.
  Time since last request: 66.793644 seconds.
  path: Assets/TextMesh Pro/Examples & Extras/Resources/Fonts & Materials/Bangers SDF.asset
  artifactKey: Guid(125cb55b44b24c4393181402bc6200e6) Importer(815301076,1909f56bfc062723c751e8b465ee728b)
Start importing Assets/TextMesh Pro/Examples & Extras/Resources/Fonts & Materials/Bangers SDF.asset using Guid(125cb55b44b24c4393181402bc6200e6) Importer(815301076,1909f56bfc062723c751e8b465ee728b)  -> (artifact id: '64d8472f168e98746c954d8da16e8b92') in 0.050230 seconds 
========================================================================
Received Import Request.
  Time since last request: 0.000035 seconds.
  path: Assets/TextMesh Pro/Resources/Fonts & Materials/LiberationSans SDF - Fallback.asset
  artifactKey: Guid(2e498d1c8094910479dc3e1b768306a4) Importer(815301076,1909f56bfc062723c751e8b465ee728b)
Start importing Assets/TextMesh Pro/Resources/Fonts & Materials/LiberationSans SDF - Fallback.asset using Guid(2e498d1c8094910479dc3e1b768306a4) Importer(815301076,1909f56bfc062723c751e8b465ee728b)  -> (artifact id: '333481d84b4b4327da081e702358fa80') in 0.025373 seconds 
========================================================================
Received Import Request.
  Time since last request: 0.000082 seconds.
  path: Assets/TextMesh Pro/Resources/Fonts & Materials/LiberationSans SDF.asset
  artifactKey: Guid(8f586378b4e144a9851e7b34d9b748ee) Importer(815301076,1909f56bfc062723c751e8b465ee728b)
Start importing Assets/TextMesh Pro/Resources/Fonts & Materials/LiberationSans SDF.asset using Guid(8f586378b4e144a9851e7b34d9b748ee) Importer(815301076,1909f56bfc062723c751e8b465ee728b)  -> (artifact id: '46b62293fce11d8fc10d1233febcfda7') in 0.069348 seconds 
========================================================================
Received Import Request.
  Time since last request: 217.408615 seconds.
  path: Assets/Resource/CassandraPersonalUseRegula_fuente.asset
  artifactKey: Guid(92546d36776a604438a3551faa8f5b99) Importer(815301076,1909f56bfc062723c751e8b465ee728b)
Start importing Assets/Resource/CassandraPersonalUseRegula_fuente.asset using Guid(92546d36776a604438a3551faa8f5b99) Importer(815301076,1909f56bfc062723c751e8b465ee728b)  -> (artifact id: 'ef81cb90fe2ce1d90d73c0269aa4cbc7') in 0.023435 seconds 
========================================================================
Received Import Request.
  Time since last request: 3.244515 seconds.
  path: Assets/Scenes/Videojuego 3D.unity
  artifactKey: Guid(742d6dceeb34b324a8d9e3b1e9297d5d) Importer(815301076,1909f56bfc062723c751e8b465ee728b)
Start importing Assets/Scenes/Videojuego 3D.unity using Guid(742d6dceeb34b324a8d9e3b1e9297d5d) Importer(815301076,1909f56bfc062723c751e8b465ee728b)  -> (artifact id: '3a30e72ff8e05b620d3984a89dfe9f52') in 0.009224 seconds 
========================================================================
Received Import Request.
  Time since last request: 13.744673 seconds.
  path: Assets/Scenes/Nevel1.unity
  artifactKey: Guid(742d6dceeb34b324a8d9e3b1e9297d5d) Importer(815301076,1909f56bfc062723c751e8b465ee728b)
Start importing Assets/Scenes/Nevel1.unity using Guid(742d6dceeb34b324a8d9e3b1e9297d5d) Importer(815301076,1909f56bfc062723c751e8b465ee728b)  -> (artifact id: '28c9df4a3b86d3556ba342457d233199') in 0.007193 seconds 
========================================================================
Received Import Request.
  Time since last request: 97.360145 seconds.
  path: Assets/Scripts
  artifactKey: Guid(548951235410a10429e004ce31e38fb2) Importer(815301076,1909f56bfc062723c751e8b465ee728b)
Start importing Assets/Scripts using Guid(548951235410a10429e004ce31e38fb2) Importer(815301076,1909f56bfc062723c751e8b465ee728b)  -> (artifact id: 'b7196a5828898329fa1a16b6e33370e8') in 0.009090 seconds 
========================================================================
Received Prepare
Registering precompiled user dll's ...
Registered in 0.010735 seconds.
Begin MonoManager ReloadAssembly
Native extension for WindowsStandalone target not found
Refreshing native plugins compatible for Editor in 0.66 ms, found 3 plugins.
Preloading 0 native plugins for Editor in 0.00 ms.
Mono: successfully reloaded assembly
- Completed reload, in  1.119 seconds
Domain Reload Profiling:
	ReloadAssembly (1120ms)
		BeginReloadAssembly (145ms)
			ExecutionOrderSort (0ms)
			DisableScriptedObjects (5ms)
			BackupInstance (0ms)
			ReleaseScriptingObjects (0ms)
			CreateAndSetChildDomain (42ms)
		EndReloadAssembly (868ms)
			LoadAssemblies (89ms)
			RebuildTransferFunctionScriptingTraits (0ms)
			SetupTypeCache (294ms)
			ReleaseScriptCaches (1ms)
			RebuildScriptCaches (42ms)
			SetupLoadedEditorAssemblies (395ms)
				LogAssemblyErrors (0ms)
				InitializePlatformSupportModulesInManaged (12ms)
				SetLoadedEditorAssemblies (1ms)
				RefreshPlugins (1ms)
				BeforeProcessingInitializeOnLoad (64ms)
				ProcessInitializeOnLoadAttributes (275ms)
				ProcessInitializeOnLoadMethodAttributes (36ms)
				AfterProcessingInitializeOnLoad (7ms)
				EditorAssembliesLoaded (0ms)
			ExecutionOrderSort2 (0ms)
			AwakeInstancesAfterBackupRestoration (7ms)
Platform modules already initialized, skipping
Refreshing native plugins compatible for Editor in 1.82 ms, found 3 plugins.
Preloading 0 native plugins for Editor in 0.00 ms.
Unloading 3455 Unused Serialized files (Serialized files now loaded: 0)
Unloading 18 unused Assets / (24.6 KB). Loaded Objects now: 4013.
Memory consumption went from 126.5 MB to 126.5 MB.
Total: 3.060900 ms (FindLiveObjects: 0.269300 ms CreateObjectMapping: 0.153800 ms MarkObjects: 2.604200 ms  DeleteObjects: 0.032900 ms)

AssetImportParameters requested are different than current active one (requested -> active):
  custom:video-decoder-ogg-theora: a1e56fd34408186e4bbccfd4996cb3dc -> 
  custom:container-muxer-webm: aa71ff27fc2769a1b78a27578f13a17b -> 
  custom:container-demuxer-webm: 4f35f7cbe854078d1ac9338744f61a02 -> 
  custom:video-encoder-webm-vp8: eb34c28f22e8b96e1ab97ce403110664 -> 
  custom:video-codec-MediaFoundation-h265: 746d11721c4dcdbdad8f713fa42b33f4 -> 
  custom:audio-encoder-webm-vorbis: bf7c407c2cedff20999df2af8eb42d56 -> 
  custom:framework-win-MediaFoundation: 216162199b28c13a410421893ffa2e32 -> 
  custom:container-demuxer-ogg: 62fdf1f143b41e24485cea50d1cbac27 -> 
  custom:video-decoder-webm-vp8: 9c59270c3fd7afecdb556c50c9e8de78 -> 
  custom:audio-decoder-ogg-vorbis: bf7c407c2cedff20999df2af8eb42d56 -> 
========================================================================
Received Import Request.
  Time since last request: 36.510988 seconds.
  path: Assets/Scripts/UIManagement.cs
  artifactKey: Guid(5606eda53ecccb34cb42b6057c282da4) Importer(815301076,1909f56bfc062723c751e8b465ee728b)
Start importing Assets/Scripts/UIManagement.cs using Guid(5606eda53ecccb34cb42b6057c282da4) Importer(815301076,1909f56bfc062723c751e8b465ee728b)  -> (artifact id: '02a605bcdff4f610194f7d3a2f65b5dd') in 0.019802 seconds 
========================================================================
Received Import Request.
  Time since last request: 19.653303 seconds.
  path: Assets/Scripts/UIManager.cs
  artifactKey: Guid(5606eda53ecccb34cb42b6057c282da4) Importer(815301076,1909f56bfc062723c751e8b465ee728b)
Start importing Assets/Scripts/UIManager.cs using Guid(5606eda53ecccb34cb42b6057c282da4) Importer(815301076,1909f56bfc062723c751e8b465ee728b)  -> (artifact id: '39bbdeffb62c5f0e98bceef00bf0e268') in 0.008900 seconds 
========================================================================
Received Prepare
Registering precompiled user dll's ...
Registered in 0.005352 seconds.
Begin MonoManager ReloadAssembly
Native extension for WindowsStandalone target not found
Refreshing native plugins compatible for Editor in 0.80 ms, found 3 plugins.
Preloading 0 native plugins for Editor in 0.00 ms.
Mono: successfully reloaded assembly
- Completed reload, in  1.164 seconds
Domain Reload Profiling:
	ReloadAssembly (1164ms)
		BeginReloadAssembly (152ms)
			ExecutionOrderSort (0ms)
			DisableScriptedObjects (8ms)
			BackupInstance (0ms)
			ReleaseScriptingObjects (0ms)
			CreateAndSetChildDomain (42ms)
		EndReloadAssembly (896ms)
			LoadAssemblies (120ms)
			RebuildTransferFunctionScriptingTraits (0ms)
			SetupTypeCache (275ms)
			ReleaseScriptCaches (1ms)
			RebuildScriptCaches (42ms)
			SetupLoadedEditorAssemblies (395ms)
				LogAssemblyErrors (0ms)
				InitializePlatformSupportModulesInManaged (16ms)
				SetLoadedEditorAssemblies (0ms)
				RefreshPlugins (1ms)
				BeforeProcessingInitializeOnLoad (77ms)
				ProcessInitializeOnLoadAttributes (255ms)
				ProcessInitializeOnLoadMethodAttributes (35ms)
				AfterProcessingInitializeOnLoad (10ms)
				EditorAssembliesLoaded (0ms)
			ExecutionOrderSort2 (0ms)
			AwakeInstancesAfterBackupRestoration (7ms)
Platform modules already initialized, skipping
Refreshing native plugins compatible for Editor in 1.82 ms, found 3 plugins.
Preloading 0 native plugins for Editor in 0.00 ms.
Unloading 3455 Unused Serialized files (Serialized files now loaded: 0)
Unloading 18 unused Assets / (24.6 KB). Loaded Objects now: 4016.
Memory consumption went from 126.6 MB to 126.5 MB.
Total: 3.472000 ms (FindLiveObjects: 0.333200 ms CreateObjectMapping: 0.152700 ms MarkObjects: 2.965600 ms  DeleteObjects: 0.019300 ms)

AssetImportParameters requested are different than current active one (requested -> active):
  custom:video-decoder-ogg-theora: a1e56fd34408186e4bbccfd4996cb3dc -> 
  custom:container-muxer-webm: aa71ff27fc2769a1b78a27578f13a17b -> 
  custom:container-demuxer-webm: 4f35f7cbe854078d1ac9338744f61a02 -> 
  custom:video-encoder-webm-vp8: eb34c28f22e8b96e1ab97ce403110664 -> 
  custom:video-codec-MediaFoundation-h265: 746d11721c4dcdbdad8f713fa42b33f4 -> 
  custom:audio-encoder-webm-vorbis: bf7c407c2cedff20999df2af8eb42d56 -> 
  custom:framework-win-MediaFoundation: 216162199b28c13a410421893ffa2e32 -> 
  custom:container-demuxer-ogg: 62fdf1f143b41e24485cea50d1cbac27 -> 
  custom:video-decoder-webm-vp8: 9c59270c3fd7afecdb556c50c9e8de78 -> 
  custom:audio-decoder-ogg-vorbis: bf7c407c2cedff20999df2af8eb42d56 -> 
========================================================================
Received Import Request.
  Time since last request: 129.663216 seconds.
  path: Assets/Materials
  artifactKey: Guid(61b94f9eef995114d81dfece5e970dfb) Importer(815301076,1909f56bfc062723c751e8b465ee728b)
Start importing Assets/Materials using Guid(61b94f9eef995114d81dfece5e970dfb) Importer(815301076,1909f56bfc062723c751e8b465ee728b)  -> (artifact id: 'e1794d2910ee65c999081265179dfaf7') in 0.021530 seconds 
========================================================================
Received Import Request.
  Time since last request: 0.016900 seconds.
  path: Assets/Materials/algodon_azucar.jpg
  artifactKey: Guid(fcb3c9a1f2e0c2644826a413e44a850e) Importer(815301076,1909f56bfc062723c751e8b465ee728b)
Start importing Assets/Materials/algodon_azucar.jpg using Guid(fcb3c9a1f2e0c2644826a413e44a850e) Importer(815301076,1909f56bfc062723c751e8b465ee728b)  -> (artifact id: '381642a8667432b0140049301b413f1c') in 0.064248 seconds 
========================================================================
Received Import Request.
  Time since last request: 0.000022 seconds.
  path: Assets/Materials/textura-de-la-galleta-recta-18261118.jpg
  artifactKey: Guid(78c716a71689e6e40b87f712699f5a4d) Importer(815301076,1909f56bfc062723c751e8b465ee728b)
Start importing Assets/Materials/textura-de-la-galleta-recta-18261118.jpg using Guid(78c716a71689e6e40b87f712699f5a4d) Importer(815301076,1909f56bfc062723c751e8b465ee728b)  -> (artifact id: '3f511d9c045ac6c6fd5fc69ca1644108') in 0.027979 seconds 
========================================================================
Received Import Request.
  Time since last request: 0.000054 seconds.
  path: Assets/Materials/lava_floor.jpg
  artifactKey: Guid(43aa100d76bd496438cf022dc82d5651) Importer(815301076,1909f56bfc062723c751e8b465ee728b)
Start importing Assets/Materials/lava_floor.jpg using Guid(43aa100d76bd496438cf022dc82d5651) Importer(815301076,1909f56bfc062723c751e8b465ee728b)  -> (artifact id: '841bea0d6e99b03960387d87b8757a09') in 0.029324 seconds 
========================================================================
Received Import Request.
  Time since last request: 0.000025 seconds.
  path: Assets/Materials/textura_caramelo.jpg
  artifactKey: Guid(e0810447569b2fd4b905e009784ac9f1) Importer(815301076,1909f56bfc062723c751e8b465ee728b)
Start importing Assets/Materials/textura_caramelo.jpg using Guid(e0810447569b2fd4b905e009784ac9f1) Importer(815301076,1909f56bfc062723c751e8b465ee728b)  -> (artifact id: '312fe5b52d5b7bab562cf1402bef7e2c') in 0.025844 seconds 
========================================================================
Received Import Request.
  Time since last request: 0.000045 seconds.
  path: Assets/Materials/Floor.mat
  artifactKey: Guid(59b786d0776d0414487bbe20c33d1bb9) Importer(815301076,1909f56bfc062723c751e8b465ee728b)
Start importing Assets/Materials/Floor.mat using Guid(59b786d0776d0414487bbe20c33d1bb9) Importer(815301076,1909f56bfc062723c751e8b465ee728b)  -> (artifact id: '2a42a61a18b0fd40c4548a05dfe836a2') in 0.106988 seconds 
========================================================================
Received Import Request.
  Time since last request: 0.000018 seconds.
  path: Assets/Materials/ice-cream-waffle-cone-texture-chocolate-wafer-background-seamless-pattern-vector.jpg
  artifactKey: Guid(a960380eca2c44c43996a1e656f1d12e) Importer(815301076,1909f56bfc062723c751e8b465ee728b)
Start importing Assets/Materials/ice-cream-waffle-cone-texture-chocolate-wafer-background-seamless-pattern-vector.jpg using Guid(a960380eca2c44c43996a1e656f1d12e) Importer(815301076,1909f56bfc062723c751e8b465ee728b)  -> (artifact id: 'ffeba3e34461de94f03d0750e5ba45b8') in 0.026946 seconds 
========================================================================
Received Import Request.
  Time since last request: 0.000019 seconds.
  path: Assets/Materials/milk-chocolate-texture-4k-chocolate-bar-chocolate-textures-stick-of-chocolate.jpg
  artifactKey: Guid(c049d34cd9a64fd4098ab17178a70e19) Importer(815301076,1909f56bfc062723c751e8b465ee728b)
Start importing Assets/Materials/milk-chocolate-texture-4k-chocolate-bar-chocolate-textures-stick-of-chocolate.jpg using Guid(c049d34cd9a64fd4098ab17178a70e19) Importer(815301076,1909f56bfc062723c751e8b465ee728b)  -> (artifact id: '289297b88dea22ae762711379124c8be') in 0.020816 seconds 
========================================================================
Received Import Request.
  Time since last request: 0.000122 seconds.
  path: Assets/Materials/los-anillos-de-espuma-sabrosos-brillantes-del-vector-del-modelo-inconsútil-asperjan-el-fondo-fondo-del-buñuelo-en-estilo-de-la-69814733.jpg
  artifactKey: Guid(9f9e5e3def216c440bdd8b5ea2245599) Importer(815301076,1909f56bfc062723c751e8b465ee728b)
Start importing Assets/Materials/los-anillos-de-espuma-sabrosos-brillantes-del-vector-del-modelo-inconsútil-asperjan-el-fondo-fondo-del-buñuelo-en-estilo-de-la-69814733.jpg using Guid(9f9e5e3def216c440bdd8b5ea2245599) Importer(815301076,1909f56bfc062723c751e8b465ee728b)  -> (artifact id: 'ee26057e3f2beec6832c8147c5077fdd') in 0.023827 seconds 
========================================================================
Received Import Request.
  Time since last request: 0.000027 seconds.
  path: Assets/Materials/Cereza.mat
  artifactKey: Guid(5b8661ef114cbb440b54dbc5e8a37874) Importer(815301076,1909f56bfc062723c751e8b465ee728b)
Start importing Assets/Materials/Cereza.mat using Guid(5b8661ef114cbb440b54dbc5e8a37874) Importer(815301076,1909f56bfc062723c751e8b465ee728b)  -> (artifact id: 'b39d7ba1de7377f5427b099258baa730') in 0.021700 seconds 
Editor requested this worker to shutdown with reason: Scaling down because of idle timeout
AssetImportWorker is now disconnected from the server
Process exiting
Exiting without the bug reporter. Application will terminate with return code 0